android/app/build/intermediates/manifest_merge_blame_file/debug/processDebugMainManifest/manifest-merger-blame-debug-report.txt
1<?xml version="1.0" encoding="utf-8"?>
2<manifest xmlns:android="http://schemas.android.com/apk/res/android"
3    package="com.mochasmindlab.mlhealth"
4    android:versionCode="1"
5    android:versionName="1.0.0" >
6
7    <uses-sdk
8        android:minSdkVersion="26"
9        android:targetSdkVersion="34" />
10
11    <!-- Permissions -->
12    <uses-permission android:name="android.permission.INTERNET" />
12-->src/main/AndroidManifest.xml:6:5-67
12-->src/main/AndroidManifest.xml:6:22-64
13    <uses-permission android:name="android.permission.CAMERA" />
13-->src/main/AndroidManifest.xml:7:5-65
13-->src/main/AndroidManifest.xml:7:22-62
14    <uses-permission android:name="android.permission.READ_EXTERNAL_STORAGE" />
14-->src/main/AndroidManifest.xml:8:5-80
14-->src/main/AndroidManifest.xml:8:22-77
15    <uses-permission
15-->src/main/AndroidManifest.xml:9:5-10:38
16        android:name="android.permission.WRITE_EXTERNAL_STORAGE"
16-->src/main/AndroidManifest.xml:9:22-78
17        android:maxSdkVersion="28" />
17-->src/main/AndroidManifest.xml:10:9-35
18
19    <!-- Camera features -->
20    <uses-feature
20-->src/main/AndroidManifest.xml:13:5-85
21        android:name="android.hardware.camera"
21-->src/main/AndroidManifest.xml:13:19-57
22        android:required="false" />
22-->src/main/AndroidManifest.xml:13:58-82
23    <uses-feature
23-->src/main/AndroidManifest.xml:14:5-95
24        android:name="android.hardware.camera.autofocus"
24-->src/main/AndroidManifest.xml:14:19-67
25        android:required="false" />
25-->src/main/AndroidManifest.xml:14:68-92
26
27    <permission
27-->[androidx.core:core:1.12.0] AndroidManifest.xml:22:5-24:47
28        android:name="com.mochasmindlab.mlhealth.DYNAMIC_RECEIVER_NOT_EXPORTED_PERMISSION"
28-->[androidx.core:core:1.12.0] AndroidManifest.xml:23:9-81
29        android:protectionLevel="signature" />
29-->[androidx.core:core:1.12.0] AndroidManifest.xml:24:9-44
30
31    <uses-permission android:name="com.mochasmindlab.mlhealth.DYNAMIC_RECEIVER_NOT_EXPORTED_PERMISSION" /> <!-- Although the *SdkVersion is captured in gradle build files, this is required for non gradle builds -->
31-->[androidx.core:core:1.12.0] AndroidManifest.xml:26:5-97
31-->[androidx.core:core:1.12.0] AndroidManifest.xml:26:22-94
32    <!-- <uses-sdk android:minSdkVersion="14"/> -->
33    <uses-permission android:name="android.permission.ACCESS_NETWORK_STATE" />
33-->[com.google.android.datatransport:transport-backend-cct:2.3.3] AndroidManifest.xml:25:5-79
33-->[com.google.android.datatransport:transport-backend-cct:2.3.3] AndroidManifest.xml:25:22-76
34
35    <application
35-->src/main/AndroidManifest.xml:16:5-42:19
36        android:name="com.mochasmindlab.mlhealth.MLFitnessApplication"
36-->src/main/AndroidManifest.xml:17:9-45
37        android:allowBackup="true"
37-->src/main/AndroidManifest.xml:18:9-35
38        android:appComponentFactory="androidx.core.app.CoreComponentFactory"
38-->[androidx.core:core:1.12.0] AndroidManifest.xml:28:18-86
39        android:dataExtractionRules="@xml/data_extraction_rules"
39-->src/main/AndroidManifest.xml:19:9-65
40        android:debuggable="true"
41        android:extractNativeLibs="false"
42        android:fullBackupContent="@xml/backup_rules"
42-->src/main/AndroidManifest.xml:20:9-54
43        android:icon="@mipmap/ic_launcher"
43-->src/main/AndroidManifest.xml:21:9-43
44        android:label="@string/app_name"
44-->src/main/AndroidManifest.xml:22:9-41
45        android:roundIcon="@mipmap/ic_launcher_round"
45-->src/main/AndroidManifest.xml:23:9-54
46        android:supportsRtl="true"
46-->src/main/AndroidManifest.xml:24:9-35
47        android:theme="@style/Theme.MLFitness" >
47-->src/main/AndroidManifest.xml:25:9-47
48        <activity
48-->src/main/AndroidManifest.xml:28:9-36:20
49            android:name="com.mochasmindlab.mlhealth.MainActivity"
49-->src/main/AndroidManifest.xml:29:13-41
50            android:exported="true"
50-->src/main/AndroidManifest.xml:30:13-36
51            android:theme="@style/Theme.MLFitness" >
51-->src/main/AndroidManifest.xml:31:13-51
52            <intent-filter>
52-->src/main/AndroidManifest.xml:32:13-35:29
53                <action android:name="android.intent.action.MAIN" />
53-->src/main/AndroidManifest.xml:33:17-69
53-->src/main/AndroidManifest.xml:33:25-66
54
55                <category android:name="android.intent.category.LAUNCHER" />
55-->src/main/AndroidManifest.xml:34:17-77
55-->src/main/AndroidManifest.xml:34:27-74
56            </intent-filter>
57        </activity>
58
59        <!-- ML Kit Barcode Scanning -->
60        <meta-data
60-->src/main/AndroidManifest.xml:39:9-41:39
61            android:name="com.google.mlkit.vision.DEPENDENCIES"
61-->src/main/AndroidManifest.xml:40:13-64
62            android:value="barcode" />
62-->src/main/AndroidManifest.xml:41:13-36
63        <!--
64        Service for holding metadata. Cannot be instantiated.
65        Metadata will be merged from other manifests.
66        -->
67        <service
67-->[androidx.camera:camera-core:1.3.0] AndroidManifest.xml:29:9-33:78
68            android:name="androidx.camera.core.impl.MetadataHolderService"
68-->[androidx.camera:camera-core:1.3.0] AndroidManifest.xml:30:13-75
69            android:enabled="false"
69-->[androidx.camera:camera-core:1.3.0] AndroidManifest.xml:31:13-36
70            android:exported="false" >
70-->[androidx.camera:camera-core:1.3.0] AndroidManifest.xml:32:13-37
71            <meta-data
71-->[androidx.camera:camera-camera2:1.3.0] AndroidManifest.xml:30:13-32:89
72                android:name="androidx.camera.core.impl.MetadataHolderService.DEFAULT_CONFIG_PROVIDER"
72-->[androidx.camera:camera-camera2:1.3.0] AndroidManifest.xml:31:17-103
73                android:value="androidx.camera.camera2.Camera2Config$DefaultProvider" />
73-->[androidx.camera:camera-camera2:1.3.0] AndroidManifest.xml:32:17-86
74        </service>
75        <service
75-->[com.google.android.gms:play-services-mlkit-barcode-scanning:18.3.0] AndroidManifest.xml:9:9-15:19
76            android:name="com.google.mlkit.common.internal.MlKitComponentDiscoveryService"
76-->[com.google.android.gms:play-services-mlkit-barcode-scanning:18.3.0] AndroidManifest.xml:10:13-91
77            android:directBootAware="true"
77-->[com.google.mlkit:common:18.9.0] AndroidManifest.xml:17:13-43
78            android:exported="false" >
78-->[com.google.android.gms:play-services-mlkit-barcode-scanning:18.3.0] AndroidManifest.xml:11:13-37
79            <meta-data
79-->[com.google.android.gms:play-services-mlkit-barcode-scanning:18.3.0] AndroidManifest.xml:12:13-14:85
80                android:name="com.google.firebase.components:com.google.mlkit.vision.barcode.internal.BarcodeRegistrar"
80-->[com.google.android.gms:play-services-mlkit-barcode-scanning:18.3.0] AndroidManifest.xml:13:17-120
81                android:value="com.google.firebase.components.ComponentRegistrar" />
81-->[com.google.android.gms:play-services-mlkit-barcode-scanning:18.3.0] AndroidManifest.xml:14:17-82
82            <meta-data
82-->[com.google.mlkit:vision-common:17.3.0] AndroidManifest.xml:12:13-14:85
83                android:name="com.google.firebase.components:com.google.mlkit.vision.common.internal.VisionCommonRegistrar"
83-->[com.google.mlkit:vision-common:17.3.0] AndroidManifest.xml:13:17-124
84                android:value="com.google.firebase.components.ComponentRegistrar" />
84-->[com.google.mlkit:vision-common:17.3.0] AndroidManifest.xml:14:17-82
85            <meta-data
85-->[com.google.mlkit:common:18.9.0] AndroidManifest.xml:20:13-22:85
86                android:name="com.google.firebase.components:com.google.mlkit.common.internal.CommonComponentRegistrar"
86-->[com.google.mlkit:common:18.9.0] AndroidManifest.xml:21:17-120
87                android:value="com.google.firebase.components.ComponentRegistrar" />
87-->[com.google.mlkit:common:18.9.0] AndroidManifest.xml:22:17-82
88        </service>
89
90        <provider
90-->[com.google.mlkit:common:18.9.0] AndroidManifest.xml:9:9-13:38
91            android:name="com.google.mlkit.common.internal.MlKitInitProvider"
91-->[com.google.mlkit:common:18.9.0] AndroidManifest.xml:10:13-78
92            android:authorities="com.mochasmindlab.mlhealth.mlkitinitprovider"
92-->[com.google.mlkit:common:18.9.0] AndroidManifest.xml:11:13-69
93            android:exported="false"
93-->[com.google.mlkit:common:18.9.0] AndroidManifest.xml:12:13-37
94            android:initOrder="99" />
94-->[com.google.mlkit:common:18.9.0] AndroidManifest.xml:13:13-35
95
96        <activity
96-->[com.google.android.gms:play-services-base:18.1.0] AndroidManifest.xml:20:9-22:45
97            android:name="com.google.android.gms.common.api.GoogleApiActivity"
97-->[com.google.android.gms:play-services-base:18.1.0] AndroidManifest.xml:20:19-85
98            android:exported="false"
98-->[com.google.android.gms:play-services-base:18.1.0] AndroidManifest.xml:22:19-43
99            android:theme="@android:style/Theme.Translucent.NoTitleBar" />
99-->[com.google.android.gms:play-services-base:18.1.0] AndroidManifest.xml:21:19-78
100
101        <meta-data
101-->[com.google.android.gms:play-services-basement:18.1.0] AndroidManifest.xml:21:9-23:69
102            android:name="com.google.android.gms.version"
102-->[com.google.android.gms:play-services-basement:18.1.0] AndroidManifest.xml:22:13-58
103            android:value="@integer/google_play_services_version" />
103-->[com.google.android.gms:play-services-basement:18.1.0] AndroidManifest.xml:23:13-66
104
105        <activity
105-->[androidx.compose.ui:ui-tooling-android:1.5.4] AndroidManifest.xml:23:9-25:39
106            android:name="androidx.compose.ui.tooling.PreviewActivity"
106-->[androidx.compose.ui:ui-tooling-android:1.5.4] AndroidManifest.xml:24:13-71
107            android:exported="true" />
107-->[androidx.compose.ui:ui-tooling-android:1.5.4] AndroidManifest.xml:25:13-36
108
109        <provider
109-->[androidx.emoji2:emoji2:1.4.0] AndroidManifest.xml:24:9-32:20
110            android:name="androidx.startup.InitializationProvider"
110-->[androidx.emoji2:emoji2:1.4.0] AndroidManifest.xml:25:13-67
111            android:authorities="com.mochasmindlab.mlhealth.androidx-startup"
111-->[androidx.emoji2:emoji2:1.4.0] AndroidManifest.xml:26:13-68
112            android:exported="false" >
112-->[androidx.emoji2:emoji2:1.4.0] AndroidManifest.xml:27:13-37
113            <meta-data
113-->[androidx.emoji2:emoji2:1.4.0] AndroidManifest.xml:29:13-31:52
114                android:name="androidx.emoji2.text.EmojiCompatInitializer"
114-->[androidx.emoji2:emoji2:1.4.0] AndroidManifest.xml:30:17-75
115                android:value="androidx.startup" />
115-->[androidx.emoji2:emoji2:1.4.0] AndroidManifest.xml:31:17-49
116            <meta-data
116-->[androidx.lifecycle:lifecycle-process:2.7.0] AndroidManifest.xml:29:13-31:52
117                android:name="androidx.lifecycle.ProcessLifecycleInitializer"
117-->[androidx.lifecycle:lifecycle-process:2.7.0] AndroidManifest.xml:30:17-78
118                android:value="androidx.startup" />
118-->[androidx.lifecycle:lifecycle-process:2.7.0] AndroidManifest.xml:31:17-49
119            <meta-data
119-->[androidx.profileinstaller:profileinstaller:1.3.0] AndroidManifest.xml:29:13-31:52
120                android:name="androidx.profileinstaller.ProfileInstallerInitializer"
120-->[androidx.profileinstaller:profileinstaller:1.3.0] AndroidManifest.xml:30:17-85
121                android:value="androidx.startup" />
121-->[androidx.profileinstaller:profileinstaller:1.3.0] AndroidManifest.xml:31:17-49
122        </provider>
123
124        <activity
124-->[androidx.compose.ui:ui-test-manifest:1.5.4] AndroidManifest.xml:23:9-25:39
125            android:name="androidx.activity.ComponentActivity"
125-->[androidx.compose.ui:ui-test-manifest:1.5.4] AndroidManifest.xml:24:13-63
126            android:exported="true" />
126-->[androidx.compose.ui:ui-test-manifest:1.5.4] AndroidManifest.xml:25:13-36
127
128        <service
128-->[androidx.room:room-runtime:2.6.0] AndroidManifest.xml:24:9-28:63
129            android:name="androidx.room.MultiInstanceInvalidationService"
129-->[androidx.room:room-runtime:2.6.0] AndroidManifest.xml:25:13-74
130            android:directBootAware="true"
130-->[androidx.room:room-runtime:2.6.0] AndroidManifest.xml:26:13-43
131            android:exported="false" />
131-->[androidx.room:room-runtime:2.6.0] AndroidManifest.xml:27:13-37
132
133        <receiver
133-->[androidx.profileinstaller:profileinstaller:1.3.0] AndroidManifest.xml:34:9-52:20
134            android:name="androidx.profileinstaller.ProfileInstallReceiver"
134-->[androidx.profileinstaller:profileinstaller:1.3.0] AndroidManifest.xml:35:13-76
135            android:directBootAware="false"
135-->[androidx.profileinstaller:profileinstaller:1.3.0] AndroidManifest.xml:36:13-44
136            android:enabled="true"
136-->[androidx.profileinstaller:profileinstaller:1.3.0] AndroidManifest.xml:37:13-35
137            android:exported="true"
137-->[androidx.profileinstaller:profileinstaller:1.3.0] AndroidManifest.xml:38:13-36
138            android:permission="android.permission.DUMP" >
138-->[androidx.profileinstaller:profileinstaller:1.3.0] AndroidManifest.xml:39:13-57
139            <intent-filter>
139-->[androidx.profileinstaller:profileinstaller:1.3.0] AndroidManifest.xml:40:13-42:29
140                <action android:name="androidx.profileinstaller.action.INSTALL_PROFILE" />
140-->[androidx.profileinstaller:profileinstaller:1.3.0] AndroidManifest.xml:41:17-91
140-->[androidx.profileinstaller:profileinstaller:1.3.0] AndroidManifest.xml:41:25-88
141            </intent-filter>
142            <intent-filter>
142-->[androidx.profileinstaller:profileinstaller:1.3.0] AndroidManifest.xml:43:13-45:29
143                <action android:name="androidx.profileinstaller.action.SKIP_FILE" />
143-->[androidx.profileinstaller:profileinstaller:1.3.0] AndroidManifest.xml:44:17-85
143-->[androidx.profileinstaller:profileinstaller:1.3.0] AndroidManifest.xml:44:25-82
144            </intent-filter>
145            <intent-filter>
145-->[androidx.profileinstaller:profileinstaller:1.3.0] AndroidManifest.xml:46:13-48:29
146                <action android:name="androidx.profileinstaller.action.SAVE_PROFILE" />
146-->[androidx.profileinstaller:profileinstaller:1.3.0] AndroidManifest.xml:47:17-88
146-->[androidx.profileinstaller:profileinstaller:1.3.0] AndroidManifest.xml:47:25-85
147            </intent-filter>
148            <intent-filter>
148-->[androidx.profileinstaller:profileinstaller:1.3.0] AndroidManifest.xml:49:13-51:29
149                <action android:name="androidx.profileinstaller.action.BENCHMARK_OPERATION" />
149-->[androidx.profileinstaller:profileinstaller:1.3.0] AndroidManifest.xml:50:17-95
149-->[androidx.profileinstaller:profileinstaller:1.3.0] AndroidManifest.xml:50:25-92
150            </intent-filter>
151        </receiver>
152
153        <service
153-->[com.google.android.datatransport:transport-backend-cct:2.3.3] AndroidManifest.xml:29:9-35:19
154            android:name="com.google.android.datatransport.runtime.backends.TransportBackendDiscovery"
154-->[com.google.android.datatransport:transport-backend-cct:2.3.3] AndroidManifest.xml:30:13-103
155            android:exported="false" >
155-->[com.google.android.datatransport:transport-backend-cct:2.3.3] AndroidManifest.xml:31:13-37
156            <meta-data
156-->[com.google.android.datatransport:transport-backend-cct:2.3.3] AndroidManifest.xml:32:13-34:39
157                android:name="backend:com.google.android.datatransport.cct.CctBackendFactory"
157-->[com.google.android.datatransport:transport-backend-cct:2.3.3] AndroidManifest.xml:33:17-94
158                android:value="cct" />
158-->[com.google.android.datatransport:transport-backend-cct:2.3.3] AndroidManifest.xml:34:17-36
159        </service>
160        <service
160-->[com.google.android.datatransport:transport-runtime:2.2.6] AndroidManifest.xml:26:9-30:19
161            android:name="com.google.android.datatransport.runtime.scheduling.jobscheduling.JobInfoSchedulerService"
161-->[com.google.android.datatransport:transport-runtime:2.2.6] AndroidManifest.xml:27:13-117
162            android:exported="false"
162-->[com.google.android.datatransport:transport-runtime:2.2.6] AndroidManifest.xml:28:13-37
163            android:permission="android.permission.BIND_JOB_SERVICE" >
163-->[com.google.android.datatransport:transport-runtime:2.2.6] AndroidManifest.xml:29:13-69
164        </service>
165
166        <receiver
166-->[com.google.android.datatransport:transport-runtime:2.2.6] AndroidManifest.xml:32:9-34:40
167            android:name="com.google.android.datatransport.runtime.scheduling.jobscheduling.AlarmManagerSchedulerBroadcastReceiver"
167-->[com.google.android.datatransport:transport-runtime:2.2.6] AndroidManifest.xml:33:13-132
168            android:exported="false" />
168-->[com.google.android.datatransport:transport-runtime:2.2.6] AndroidManifest.xml:34:13-37
169    </application>
170
171</manifest>